Arguments: 
  C:\Program Files\nodejs\node.exe C:\Users\angelica\AppData\Roaming\npm\node_modules\yarn\bin\yarn.js add axious

PATH: 
  C:\Users\angelica\bin;C:\Program Files\Git\mingw64\bin;C:\Program Files\Git\usr\local\bin;C:\Program Files\Git\usr\bin;C:\Program Files\Git\usr\bin;C:\Program Files\Git\mingw64\bin;C:\Program Files\Git\usr\bin;C:\Users\angelica\bin;C:\Program Files\Eclipse Adoptium\jre-8.0.345.1-hotspot\bin;C:\Program Files\Eclipse Adoptium\jre-17.0.4.8-hotspot\bin;C:\Program Files\Eclipse Adoptium\jre-11.0.16.8-hotspot\bin;C:\Program Files (x86)\Eclipse Adoptium\jre-8.0.345.1-hotspot\bin;C:\Windows\system32;C:\Windows;C:\Windows\System32\Wbem;C:\Windows\System32\WindowsPowerShell\v1.0;C:\Windows\System32\OpenSSH;C:\Program Files (x86)\NVIDIA Corporation\PhysX\Common;C:\Program Files\NVIDIA Corporation\NVIDIA NvDLISR;C:\Program Files (x86)\dotnet;C:\Program Files\dotnet;C:\Program Files\Git\cmd;C:\Program Files\nodejs;C:\Users\angelica\AppData\Local\Microsoft\WindowsApps;C:\Users\angelica\AppData\Local\Programs\Microsoft VS Code\bin;C:\Users\angelica\AppData\Roaming\npm;C:\Program Files\Git\usr\bin\vendor_perl;C:\Program Files\Git\usr\bin\core_perl

Yarn version: 
  1.22.19

Node version: 
  18.13.0

Platform: 
  win32 x64

Trace: 
  Error: https://registry.yarnpkg.com/axious: Not found
      at params.callback [as _callback] (C:\Users\angelica\AppData\Roaming\npm\node_modules\yarn\lib\cli.js:66145:18)
      at self.callback (C:\Users\angelica\AppData\Roaming\npm\node_modules\yarn\lib\cli.js:140890:22)
      at Request.emit (node:events:513:28)
      at Request.<anonymous> (C:\Users\angelica\AppData\Roaming\npm\node_modules\yarn\lib\cli.js:141862:10)
      at Request.emit (node:events:513:28)
      at IncomingMessage.<anonymous> (C:\Users\angelica\AppData\Roaming\npm\node_modules\yarn\lib\cli.js:141784:12)
      at Object.onceWrapper (node:events:627:28)
      at IncomingMessage.emit (node:events:525:35)
      at endReadableNT (node:internal/streams/readable:1359:12)
      at process.processTicksAndRejections (node:internal/process/task_queues:82:21)

npm manifest: 
  {
    "dependencies": {
      "react-hook-form": "^7.42.1"
    }
  }

yarn manifest: 
  No manifest

Lockfile: 
  # THIS IS AN AUTOGENERATED FILE. DO NOT EDIT THIS FILE DIRECTLY.
  # yarn lockfile v1
  
  
  react-currency-input-field@^3.6.9:
    version "3.6.9"
    resolved "https://registry.yarnpkg.com/react-currency-input-field/-/react-currency-input-field-3.6.9.tgz#5eaa1190512d1de214863032045b67dd0582c87a"
    integrity sha512-GNqG1Np+dz3VfBhDc9pFPIyar9SgB/fRjIofFSXOoyFNffda5r24n6LSoXfqQ9L7IKRDoUwveMMJV5GCM2eByw==
  
  react-hook-form@^7.42.1:
    version "7.42.1"
    resolved "https://registry.yarnpkg.com/react-hook-form/-/react-hook-form-7.42.1.tgz#c6396ca684716d89abc1c7e64343badfd30c56c6"
    integrity sha512-2UIGqwMZksd5HS55crTT1ATLTr0rAI4jS7yVuqTaoRVDhY2Qc4IyjskCmpnmdYqUNOYFy04vW253tb2JRVh+IQ==
